<?xml version="1.0" encoding="UTF-8"?>
<testng-results ignored="0" total="2" passed="2" failed="0" skipped="0">
  <reporter-output>
  </reporter-output>
  <suite started-at="2024-10-04T11:06:49 IST" name="Master Suite" finished-at="2024-10-04T11:07:23 IST" duration-ms="34803">
    <groups>
      <group name="Master">
        <method signature="TC001_SebRegistrationPage.verify_Seb_Registration()[pri:0, instance:testCases.TC001_SebRegistrationPage@3f792b9b]" name="verify_Seb_Registration" class="testCases.TC001_SebRegistrationPage"/>
        <method signature="TC002_LoginTest.verify_Login()[pri:0, instance:testCases.TC002_LoginTest@7b8233cd]" name="verify_Login" class="testCases.TC002_LoginTest"/>
      </group> <!-- Master -->
      <group name="Sanity">
        <method signature="TC002_LoginTest.verify_Login()[pri:0, instance:testCases.TC002_LoginTest@7b8233cd]" name="verify_Login" class="testCases.TC002_LoginTest"/>
      </group> <!-- Sanity -->
      <group name="Regression">
        <method signature="TC001_SebRegistrationPage.verify_Seb_Registration()[pri:0, instance:testCases.TC001_SebRegistrationPage@3f792b9b]" name="verify_Seb_Registration" class="testCases.TC001_SebRegistrationPage"/>
      </group> <!-- Regression -->
    </groups>
    <test started-at="2024-10-04T11:06:49 IST" name="Test" finished-at="2024-10-04T11:07:23 IST" duration-ms="34803">
      <class name="testCases.TC002_LoginTest">
        <test-method is-config="true" signature="setup(java.lang.String,java.lang.String)[pri:0, instance:testCases.TC002_LoginTest@7b8233cd]" started-at="2024-10-04T11:07:04 IST" name="setup" finished-at="2024-10-04T11:07:12 IST" duration-ms="8042" status="PASS">
          <params>
            <param index="0">
              <value>
                <![CDATA[Windows]]>
              </value>
            </param>
            <param index="1">
              <value>
                <![CDATA[chrome]]>
              </value>
            </param>
          </params>
          <reporter-output>
          </reporter-output>
        </test-method> <!-- setup -->
        <test-method signature="verify_Login()[pri:0, instance:testCases.TC002_LoginTest@7b8233cd]" started-at="2024-10-04T11:07:12 IST" name="verify_Login" finished-at="2024-10-04T11:07:23 IST" duration-ms="10537" status="PASS">
          <reporter-output>
          </reporter-output>
        </test-method> <!-- verify_Login -->
        <test-method is-config="true" signature="tearDown()[pri:0, instance:testCases.TC002_LoginTest@7b8233cd]" started-at="2024-10-04T11:07:23 IST" name="tearDown" finished-at="2024-10-04T11:07:23 IST" duration-ms="528" status="PASS">
          <reporter-output>
          </reporter-output>
        </test-method> <!-- tearDown -->
      </class> <!-- testCases.TC002_LoginTest -->
      <class name="testCases.TC001_SebRegistrationPage">
        <test-method is-config="true" signature="setup(java.lang.String,java.lang.String)[pri:0, instance:testCases.TC001_SebRegistrationPage@3f792b9b]" started-at="2024-10-04T11:06:49 IST" name="setup" finished-at="2024-10-04T11:06:56 IST" duration-ms="7358" status="PASS">
          <params>
            <param index="0">
              <value>
                <![CDATA[Windows]]>
              </value>
            </param>
            <param index="1">
              <value>
                <![CDATA[chrome]]>
              </value>
            </param>
          </params>
          <reporter-output>
          </reporter-output>
        </test-method> <!-- setup -->
        <test-method signature="verify_Seb_Registration()[pri:0, instance:testCases.TC001_SebRegistrationPage@3f792b9b]" started-at="2024-10-04T11:06:56 IST" name="verify_Seb_Registration" finished-at="2024-10-04T11:07:04 IST" duration-ms="7836" status="PASS">
          <reporter-output>
          </reporter-output>
        </test-method> <!-- verify_Seb_Registration -->
        <test-method is-config="true" signature="tearDown()[pri:0, instance:testCases.TC001_SebRegistrationPage@3f792b9b]" started-at="2024-10-04T11:07:04 IST" name="tearDown" finished-at="2024-10-04T11:07:04 IST" duration-ms="289" status="PASS">
          <reporter-output>
          </reporter-output>
        </test-method> <!-- tearDown -->
      </class> <!-- testCases.TC001_SebRegistrationPage -->
    </test> <!-- Test -->
  </suite> <!-- Master Suite -->
</testng-results>
